2024-12-12 20:16:42 [AWT-EventQueue-0] INFO  com.proghelp.logic - Окно добавления данных открыто.
2024-12-12 20:21:06 [AWT-EventQueue-0] INFO  com.proghelp.logic - Окно добавления данных открыто.
2024-12-12 20:37:03 [AWT-EventQueue-0] INFO  com.proghelp.Serialization - Начало загрузки данных из файла: F:\work\JAVA\helplib3\src\main\java\com\proghelp\aaa.xml
2024-12-12 20:37:03 [AWT-EventQueue-0] INFO  com.proghelp.Serialization - Данные успешно загружены из файла: F:\work\JAVA\helplib3\src\main\java\com\proghelp\aaa.xml
2024-12-12 20:39:56 [AWT-EventQueue-0] INFO  com.proghelp.Serialization - Начало загрузки данных из файла: F:\work\JAVA\helplib3\src\main\java\com\proghelp\ирмопрслсрпмл.xml
2024-12-12 20:39:56 [AWT-EventQueue-0] ERROR com.proghelp.Serialization - Файл не найден: F:\work\JAVA\helplib3\src\main\java\com\proghelp\ирмопрслсрпмл.xml
2024-12-12 20:40:56 [AWT-EventQueue-0] INFO  com.proghelp.Serialization - Начало загрузки данных из файла: F:\work\JAVA\helplib3\src\main\java\com\proghelp\рплрлрл.xml
2024-12-12 20:40:56 [AWT-EventQueue-0] ERROR com.proghelp.Serialization - Файл не найден: F:\work\JAVA\helplib3\src\main\java\com\proghelp\рплрлрл.xml
2024-12-17 17:50:31 [AWT-EventQueue-0] INFO  com.proghelp.Serialization - Начало загрузки данных из файла: F:\work\JAVA\helplib3\src\main\java\com\proghelp\aaa.xml
2024-12-17 17:50:31 [AWT-EventQueue-0] INFO  com.proghelp.Serialization - Данные успешно загружены из файла: F:\work\JAVA\helplib3\src\main\java\com\proghelp\aaa.xml
2024-12-17 17:50:45 [AWT-EventQueue-0] INFO  com.proghelp.logic - Окно добавления данных открыто.
2024-12-17 17:50:49 [AWT-EventQueue-0] INFO  com.proghelp.logic - Добавлена запись: ds, sdg, dsg
2024-12-17 17:51:01 [AWT-EventQueue-0] INFO  com.proghelp.Serialization - Начало сохранения данных в файл: F:\work\JAVA\helplib3\src\main\java\com\proghelp\123.xml
2024-12-17 17:51:01 [AWT-EventQueue-0] INFO  com.proghelp.Serialization - Данные успешно сохранены в файл: F:\work\JAVA\helplib3\src\main\java\com\proghelp\123.xml
2024-12-17 17:52:09 [AWT-EventQueue-0] INFO  com.proghelp.logic - Удалена запись: 3
2024-12-17 20:03:53 [AWT-EventQueue-0] INFO  com.proghelp.logic - Окно добавления данных открыто.
2024-12-17 20:04:20 [AWT-EventQueue-0] INFO  com.proghelp.logic - Окно добавления данных открыто.
2024-12-17 20:04:27 [AWT-EventQueue-0] INFO  com.proghelp.logic - Добавлена запись: dsgdsg, dsgdsg, dsgdsg, dsgdsg
2024-12-17 20:04:36 [AWT-EventQueue-0] INFO  com.proghelp.Serialization - Начало сохранения данных в файл: F:\work\JAVA\helplib3\src\main\java\com\proghelp\1.xml
2024-12-17 20:04:36 [AWT-EventQueue-0] INFO  com.proghelp.Serialization - Данные успешно сохранены в файл: F:\work\JAVA\helplib3\src\main\java\com\proghelp\1.xml
2024-12-17 20:04:57 [AWT-EventQueue-0] INFO  com.proghelp.logic - Окно добавления данных открыто.
2024-12-17 20:05:04 [AWT-EventQueue-0] INFO  com.proghelp.logic - Добавлена запись: sdHtjsfg, vnckch, dhgjhgjk, dfhwtjfn
2024-12-17 20:05:11 [AWT-EventQueue-0] INFO  com.proghelp.Serialization - Начало сохранения данных в файл: F:\work\JAVA\helplib3\src\main\java\com\proghelp\2.xml
2024-12-17 20:05:11 [AWT-EventQueue-0] INFO  com.proghelp.Serialization - Данные успешно сохранены в файл: F:\work\JAVA\helplib3\src\main\java\com\proghelp\2.xml
2024-12-17 20:05:30 [AWT-EventQueue-0] INFO  com.proghelp.Serialization - Начало загрузки данных из файла: F:\work\JAVA\helplib3\src\main\java\com\proghelp\2.xml
2024-12-17 20:05:30 [AWT-EventQueue-0] INFO  com.proghelp.Serialization - Данные успешно загружены из файла: F:\work\JAVA\helplib3\src\main\java\com\proghelp\2.xml
2024-12-17 22:10:37 [AWT-EventQueue-0] INFO  com.proghelp.Serialization - Начало сохранения данных в файл: nullnull
2024-12-17 22:10:37 [AWT-EventQueue-0] ERROR com.proghelp.Serialization - Ошибка при сохранении данных: class com.proghelp.DoctorTableModel cannot be cast to class javax.swing.table.DefaultTableModel (com.proghelp.DoctorTableModel is in unnamed module of loader 'app'; javax.swing.table.DefaultTableModel is in module java.desktop of loader 'bootstrap')
java.lang.ClassCastException: class com.proghelp.DoctorTableModel cannot be cast to class javax.swing.table.DefaultTableModel (com.proghelp.DoctorTableModel is in unnamed module of loader 'app'; javax.swing.table.DefaultTableModel is in module java.desktop of loader 'bootstrap')
	at com.proghelp.Serialization.SaveButtonClick(Serialization.java:39) ~[classes/:?]
	at com.proghelp.Main.lambda$0(Main.java:50) ~[classes/:?]
	at javax.swing.AbstractButton.fireActionPerformed(AbstractButton.java:1972) ~[?:?]
	at javax.swing.AbstractButton$Handler.actionPerformed(AbstractButton.java:2313) ~[?:?]
	at javax.swing.DefaultButtonModel.fireActionPerformed(DefaultButtonModel.java:405) ~[?:?]
	at javax.swing.DefaultButtonModel.setPressed(DefaultButtonModel.java:262) ~[?:?]
	at javax.swing.plaf.basic.BasicButtonListener.mouseReleased(BasicButtonListener.java:279) ~[?:?]
	at java.awt.Component.processMouseEvent(Component.java:6626) ~[?:?]
	at javax.swing.JComponent.processMouseEvent(JComponent.java:3389) ~[?:?]
	at java.awt.Component.processEvent(Component.java:6391) ~[?:?]
	at java.awt.Container.processEvent(Container.java:2266) ~[?:?]
	at java.awt.Component.dispatchEventImpl(Component.java:5001) ~[?:?]
	at java.awt.Container.dispatchEventImpl(Container.java:2324) ~[?:?]
	at java.awt.Component.dispatchEvent(Component.java:4833) ~[?:?]
	at java.awt.LightweightDispatcher.retargetMouseEvent(Container.java:4948) ~[?:?]
	at java.awt.LightweightDispatcher.processMouseEvent(Container.java:4575) ~[?:?]
	at java.awt.LightweightDispatcher.dispatchEvent(Container.java:4516) ~[?:?]
	at java.awt.Container.dispatchEventImpl(Container.java:2310) ~[?:?]
	at java.awt.Window.dispatchEventImpl(Window.java:2780) ~[?:?]
	at java.awt.Component.dispatchEvent(Component.java:4833) ~[?:?]
	at java.awt.EventQueue.dispatchEventImpl(EventQueue.java:773) ~[?:?]
	at java.awt.EventQueue$4.run(EventQueue.java:722) ~[?:?]
	at java.awt.EventQueue$4.run(EventQueue.java:716) ~[?:?]
	at java.security.AccessController.doPrivileged(AccessController.java:399) [?:?]
	at java.security.ProtectionDomain$JavaSecurityAccessImpl.doIntersectionPrivilege(ProtectionDomain.java:86) ~[?:?]
	at java.security.ProtectionDomain$JavaSecurityAccessImpl.doIntersectionPrivilege(ProtectionDomain.java:97) ~[?:?]
	at java.awt.EventQueue$5.run(EventQueue.java:746) ~[?:?]
	at java.awt.EventQueue$5.run(EventQueue.java:744) ~[?:?]
	at java.security.AccessController.doPrivileged(AccessController.java:399) [?:?]
	at java.security.ProtectionDomain$JavaSecurityAccessImpl.doIntersectionPrivilege(ProtectionDomain.java:86) [?:?]
	at java.awt.EventQueue.dispatchEvent(EventQueue.java:743) [?:?]
	at java.awt.EventDispatchThread.pumpOneEventForFilters(EventDispatchThread.java:203) [?:?]
	at java.awt.EventDispatchThread.pumpEventsForFilter(EventDispatchThread.java:124) [?:?]
	at java.awt.EventDispatchThread.pumpEventsForHierarchy(EventDispatchThread.java:113) [?:?]
	at java.awt.EventDispatchThread.pumpEvents(EventDispatchThread.java:109) [?:?]
	at java.awt.EventDispatchThread.pumpEvents(EventDispatchThread.java:101) [?:?]
	at java.awt.EventDispatchThread.run(EventDispatchThread.java:90) [?:?]
2024-12-17 22:10:44 [AWT-EventQueue-0] INFO  com.proghelp.logic - Окно добавления данных открыто.
2024-12-17 23:05:52 [AWT-EventQueue-0] INFO  com.proghelp.Serialization - Начало загрузки данных из файла: F:\work\JAVA\helplib3\src\main\java\com\proghelp\aaa.xml
2024-12-17 23:05:52 [AWT-EventQueue-0] ERROR com.proghelp.Serialization - Ошибка при загрузке данных: Cannot invoke "org.w3c.dom.Node.getTextContent()" because the return value of "org.w3c.dom.NodeList.item(int)" is null
java.lang.NullPointerException: Cannot invoke "org.w3c.dom.Node.getTextContent()" because the return value of "org.w3c.dom.NodeList.item(int)" is null
	at com.proghelp.Serialization.LoadButtonClick(Serialization.java:129) ~[classes/:?]
	at com.proghelp.Main.lambda$1(Main.java:56) ~[classes/:?]
	at javax.swing.AbstractButton.fireActionPerformed(AbstractButton.java:1972) ~[?:?]
	at javax.swing.AbstractButton$Handler.actionPerformed(AbstractButton.java:2313) ~[?:?]
	at javax.swing.DefaultButtonModel.fireActionPerformed(DefaultButtonModel.java:405) ~[?:?]
	at javax.swing.DefaultButtonModel.setPressed(DefaultButtonModel.java:262) ~[?:?]
	at javax.swing.plaf.basic.BasicButtonListener.mouseReleased(BasicButtonListener.java:279) ~[?:?]
	at java.awt.Component.processMouseEvent(Component.java:6626) ~[?:?]
	at javax.swing.JComponent.processMouseEvent(JComponent.java:3389) ~[?:?]
	at java.awt.Component.processEvent(Component.java:6391) ~[?:?]
	at java.awt.Container.processEvent(Container.java:2266) ~[?:?]
	at java.awt.Component.dispatchEventImpl(Component.java:5001) ~[?:?]
	at java.awt.Container.dispatchEventImpl(Container.java:2324) ~[?:?]
	at java.awt.Component.dispatchEvent(Component.java:4833) ~[?:?]
	at java.awt.LightweightDispatcher.retargetMouseEvent(Container.java:4948) ~[?:?]
	at java.awt.LightweightDispatcher.processMouseEvent(Container.java:4575) ~[?:?]
	at java.awt.LightweightDispatcher.dispatchEvent(Container.java:4516) ~[?:?]
	at java.awt.Container.dispatchEventImpl(Container.java:2310) ~[?:?]
	at java.awt.Window.dispatchEventImpl(Window.java:2780) ~[?:?]
	at java.awt.Component.dispatchEvent(Component.java:4833) ~[?:?]
	at java.awt.EventQueue.dispatchEventImpl(EventQueue.java:773) ~[?:?]
	at java.awt.EventQueue$4.run(EventQueue.java:722) ~[?:?]
	at java.awt.EventQueue$4.run(EventQueue.java:716) ~[?:?]
	at java.security.AccessController.doPrivileged(AccessController.java:399) [?:?]
	at java.security.ProtectionDomain$JavaSecurityAccessImpl.doIntersectionPrivilege(ProtectionDomain.java:86) ~[?:?]
	at java.security.ProtectionDomain$JavaSecurityAccessImpl.doIntersectionPrivilege(ProtectionDomain.java:97) ~[?:?]
	at java.awt.EventQueue$5.run(EventQueue.java:746) ~[?:?]
	at java.awt.EventQueue$5.run(EventQueue.java:744) ~[?:?]
	at java.security.AccessController.doPrivileged(AccessController.java:399) [?:?]
	at java.security.ProtectionDomain$JavaSecurityAccessImpl.doIntersectionPrivilege(ProtectionDomain.java:86) [?:?]
	at java.awt.EventQueue.dispatchEvent(EventQueue.java:743) [?:?]
	at java.awt.EventDispatchThread.pumpOneEventForFilters(EventDispatchThread.java:203) [?:?]
	at java.awt.EventDispatchThread.pumpEventsForFilter(EventDispatchThread.java:124) [?:?]
	at java.awt.EventDispatchThread.pumpEventsForHierarchy(EventDispatchThread.java:113) [?:?]
	at java.awt.EventDispatchThread.pumpEvents(EventDispatchThread.java:109) [?:?]
	at java.awt.EventDispatchThread.pumpEvents(EventDispatchThread.java:101) [?:?]
	at java.awt.EventDispatchThread.run(EventDispatchThread.java:90) [?:?]
2024-12-17 23:24:24 [AWT-EventQueue-0] INFO  com.proghelp.Serialization - Начало загрузки данных из файла: F:\work\JAVA\helplib3\src\main\java\com\proghelp\2.xml
2024-12-17 23:24:24 [AWT-EventQueue-0] INFO  com.proghelp.Serialization - Данные успешно загружены из файла: F:\work\JAVA\helplib3\src\main\java\com\proghelp\2.xml
2024-12-17 23:24:32 [AWT-EventQueue-0] INFO  com.proghelp.logic - Окно добавления данных открыто.
2024-12-17 23:24:37 [AWT-EventQueue-0] INFO  com.proghelp.logic - Добавлена запись: gfj, gfjgfj, gfjfgj, gfsj
2024-12-17 23:29:16 [AWT-EventQueue-0] INFO  com.proghelp.logic - Удалена запись: 0
2024-12-17 23:29:19 [AWT-EventQueue-0] INFO  com.proghelp.logic - Удалена запись: 0
2024-12-17 23:29:21 [AWT-EventQueue-0] INFO  com.proghelp.logic - Окно добавления данных открыто.
2024-12-17 23:29:24 [AWT-EventQueue-0] INFO  com.proghelp.logic - Добавлена запись: sfdh, dfsh, fdz, dfsh
2024-12-17 23:29:26 [AWT-EventQueue-0] INFO  com.proghelp.logic - Окно добавления данных открыто.
2024-12-17 23:29:29 [AWT-EventQueue-0] INFO  com.proghelp.logic - Добавлена запись: fdh, fdh, fh, fdh
2024-12-17 23:32:35 [AWT-EventQueue-0] INFO  com.proghelp.Serialization - Начало загрузки данных из файла: F:\work\JAVA\helplib3\src\main\java\com\proghelp\2.xml
2024-12-17 23:32:35 [AWT-EventQueue-0] INFO  com.proghelp.Serialization - Данные успешно загружены из файла: F:\work\JAVA\helplib3\src\main\java\com\proghelp\2.xml
2024-12-17 23:33:59 [AWT-EventQueue-0] INFO  com.proghelp.Serialization - Начало загрузки данных из файла: F:\work\JAVA\helplib3\src\main\java\com\proghelp\2.xml
2024-12-17 23:33:59 [AWT-EventQueue-0] INFO  com.proghelp.Serialization - Данные успешно загружены из файла: F:\work\JAVA\helplib3\src\main\java\com\proghelp\2.xml
2024-12-17 23:34:08 [AWT-EventQueue-0] INFO  com.proghelp.logic - Удалена запись: 0
2024-12-17 23:34:10 [AWT-EventQueue-0] INFO  com.proghelp.logic - Окно добавления данных открыто.
2024-12-17 23:34:14 [AWT-EventQueue-0] INFO  com.proghelp.logic - Добавлена запись: pl, pl, plo, pl
2024-12-17 23:34:38 [AWT-EventQueue-0] INFO  com.proghelp.Serialization - Начало загрузки данных из файла: F:\work\JAVA\helplib3\src\main\java\com\proghelp\2.xml
2024-12-17 23:34:38 [AWT-EventQueue-0] INFO  com.proghelp.Serialization - Данные успешно загружены из файла: F:\work\JAVA\helplib3\src\main\java\com\proghelp\2.xml
2024-12-17 23:35:05 [AWT-EventQueue-0] INFO  com.proghelp.Serialization - Начало загрузки данных из файла: F:\work\JAVA\helplib3\src\main\java\com\proghelp\2.xml
2024-12-17 23:35:05 [AWT-EventQueue-0] INFO  com.proghelp.Serialization - Данные успешно загружены из файла: F:\work\JAVA\helplib3\src\main\java\com\proghelp\2.xml
2024-12-17 23:35:07 [AWT-EventQueue-0] INFO  com.proghelp.logic - Окно добавления данных открыто.
2024-12-17 23:35:12 [AWT-EventQueue-0] INFO  com.proghelp.logic - Добавлена запись: gjgfj, jgfj, g, gjdgfj
2024-12-17 23:36:45 [AWT-EventQueue-0] INFO  com.proghelp.Serialization - Начало загрузки данных из файла: F:\work\JAVA\helplib3\src\main\java\com\proghelp\123.xml
2024-12-17 23:36:45 [AWT-EventQueue-0] ERROR com.proghelp.Serialization - Ошибка при загрузке данных: Cannot invoke "org.w3c.dom.Node.getTextContent()" because the return value of "org.w3c.dom.NodeList.item(int)" is null
java.lang.NullPointerException: Cannot invoke "org.w3c.dom.Node.getTextContent()" because the return value of "org.w3c.dom.NodeList.item(int)" is null
	at com.proghelp.Serialization.LoadButtonClick(Serialization.java:129) ~[classes/:?]
	at com.proghelp.Main.lambda$1(Main.java:56) ~[classes/:?]
	at javax.swing.AbstractButton.fireActionPerformed(AbstractButton.java:1972) ~[?:?]
	at javax.swing.AbstractButton$Handler.actionPerformed(AbstractButton.java:2313) ~[?:?]
	at javax.swing.DefaultButtonModel.fireActionPerformed(DefaultButtonModel.java:405) ~[?:?]
	at javax.swing.DefaultButtonModel.setPressed(DefaultButtonModel.java:262) ~[?:?]
	at javax.swing.plaf.basic.BasicButtonListener.mouseReleased(BasicButtonListener.java:279) ~[?:?]
	at java.awt.Component.processMouseEvent(Component.java:6626) ~[?:?]
	at javax.swing.JComponent.processMouseEvent(JComponent.java:3389) ~[?:?]
	at java.awt.Component.processEvent(Component.java:6391) ~[?:?]
	at java.awt.Container.processEvent(Container.java:2266) ~[?:?]
	at java.awt.Component.dispatchEventImpl(Component.java:5001) ~[?:?]
	at java.awt.Container.dispatchEventImpl(Container.java:2324) ~[?:?]
	at java.awt.Component.dispatchEvent(Component.java:4833) ~[?:?]
	at java.awt.LightweightDispatcher.retargetMouseEvent(Container.java:4948) ~[?:?]
	at java.awt.LightweightDispatcher.processMouseEvent(Container.java:4575) ~[?:?]
	at java.awt.LightweightDispatcher.dispatchEvent(Container.java:4516) ~[?:?]
	at java.awt.Container.dispatchEventImpl(Container.java:2310) ~[?:?]
	at java.awt.Window.dispatchEventImpl(Window.java:2780) ~[?:?]
	at java.awt.Component.dispatchEvent(Component.java:4833) ~[?:?]
	at java.awt.EventQueue.dispatchEventImpl(EventQueue.java:773) ~[?:?]
	at java.awt.EventQueue$4.run(EventQueue.java:722) ~[?:?]
	at java.awt.EventQueue$4.run(EventQueue.java:716) ~[?:?]
	at java.security.AccessController.doPrivileged(AccessController.java:399) [?:?]
	at java.security.ProtectionDomain$JavaSecurityAccessImpl.doIntersectionPrivilege(ProtectionDomain.java:86) ~[?:?]
	at java.security.ProtectionDomain$JavaSecurityAccessImpl.doIntersectionPrivilege(ProtectionDomain.java:97) ~[?:?]
	at java.awt.EventQueue$5.run(EventQueue.java:746) ~[?:?]
	at java.awt.EventQueue$5.run(EventQueue.java:744) ~[?:?]
	at java.security.AccessController.doPrivileged(AccessController.java:399) [?:?]
	at java.security.ProtectionDomain$JavaSecurityAccessImpl.doIntersectionPrivilege(ProtectionDomain.java:86) [?:?]
	at java.awt.EventQueue.dispatchEvent(EventQueue.java:743) [?:?]
	at java.awt.EventDispatchThread.pumpOneEventForFilters(EventDispatchThread.java:203) [?:?]
	at java.awt.EventDispatchThread.pumpEventsForFilter(EventDispatchThread.java:124) [?:?]
	at java.awt.EventDispatchThread.pumpEventsForHierarchy(EventDispatchThread.java:113) [?:?]
	at java.awt.EventDispatchThread.pumpEvents(EventDispatchThread.java:109) [?:?]
	at java.awt.EventDispatchThread.pumpEvents(EventDispatchThread.java:101) [?:?]
	at java.awt.EventDispatchThread.run(EventDispatchThread.java:90) [?:?]
2024-12-17 23:36:50 [AWT-EventQueue-0] INFO  com.proghelp.Serialization - Начало загрузки данных из файла: F:\work\JAVA\helplib3\src\main\java\com\proghelp\2.xml
2024-12-17 23:36:50 [AWT-EventQueue-0] INFO  com.proghelp.Serialization - Данные успешно загружены из файла: F:\work\JAVA\helplib3\src\main\java\com\proghelp\2.xml
2024-12-17 23:37:16 [AWT-EventQueue-0] INFO  com.proghelp.logic - Удалена запись: 0
2024-12-17 23:41:19 [AWT-EventQueue-0] INFO  com.proghelp.Serialization - Начало загрузки данных из файла: F:\work\JAVA\helplib3\src\main\java\com\proghelp\2.xml
2024-12-17 23:41:19 [AWT-EventQueue-0] INFO  com.proghelp.Serialization - Данные успешно загружены из файла: F:\work\JAVA\helplib3\src\main\java\com\proghelp\2.xml
2024-12-17 23:41:50 [AWT-EventQueue-0] INFO  com.proghelp.Serialization - Начало загрузки данных из файла: F:\work\JAVA\helplib3\src\main\java\com\proghelp\2.xml
2024-12-17 23:41:50 [AWT-EventQueue-0] INFO  com.proghelp.Serialization - Данные успешно загружены из файла: F:\work\JAVA\helplib3\src\main\java\com\proghelp\2.xml
2024-12-17 23:45:10 [AWT-EventQueue-0] INFO  com.proghelp.Serialization - Начало загрузки данных из файла: F:\work\JAVA\helplib3\src\main\java\com\proghelp\2.xml
2024-12-17 23:45:10 [AWT-EventQueue-0] INFO  com.proghelp.Serialization - Данные успешно загружены из файла: F:\work\JAVA\helplib3\src\main\java\com\proghelp\2.xml
2024-12-17 23:45:35 [AWT-EventQueue-0] INFO  com.proghelp.logic - Удалена запись: 0
2024-12-17 23:45:36 [AWT-EventQueue-0] INFO  com.proghelp.logic - Окно добавления данных открыто.
2024-12-17 23:45:41 [AWT-EventQueue-0] INFO  com.proghelp.logic - Добавлена запись: вапв, ав, ывпп, в
2024-12-17 23:52:21 [AWT-EventQueue-0] INFO  com.proghelp.Serialization - Начало загрузки данных из файла: F:\work\JAVA\helplib3\src\main\java\com\proghelp\2.xml
2024-12-17 23:52:21 [AWT-EventQueue-0] INFO  com.proghelp.Serialization - Данные успешно загружены из файла: F:\work\JAVA\helplib3\src\main\java\com\proghelp\2.xml
2024-12-17 23:54:03 [AWT-EventQueue-0] INFO  com.proghelp.Serialization - Начало загрузки данных из файла: F:\work\JAVA\helplib3\src\main\java\com\proghelp\2.xml
2024-12-17 23:54:03 [AWT-EventQueue-0] INFO  com.proghelp.Serialization - Данные успешно загружены из файла: F:\work\JAVA\helplib3\src\main\java\com\proghelp\2.xml
2024-12-17 23:54:09 [AWT-EventQueue-0] INFO  com.proghelp.logic - Окно добавления данных открыто.
2024-12-17 23:54:13 [AWT-EventQueue-0] INFO  com.proghelp.logic - Добавлена запись: asdf, dsf, sdf, sdaf
2024-12-17 23:56:12 [AWT-EventQueue-0] INFO  com.proghelp.Serialization - Начало загрузки данных из файла: F:\work\JAVA\helplib3\src\main\java\com\proghelp\2.xml
2024-12-17 23:56:12 [AWT-EventQueue-0] INFO  com.proghelp.Serialization - Данные успешно загружены из файла: F:\work\JAVA\helplib3\src\main\java\com\proghelp\2.xml
